[debug] [2026-02-07T06:04:50.393Z] ----------------------------------------------------------------------
[debug] [2026-02-07T06:04:50.395Z] Command:       C:\Program Files\nodejs\node.exe C:\Users\Aftab Alam\AppData\Local\npm-cache\_npx\7750544ccf494d8b\node_modules\firebase-tools\lib\bin\firebase.js deploy --only hosting
[debug] [2026-02-07T06:04:50.395Z] CLI Version:   15.5.1
[debug] [2026-02-07T06:04:50.395Z] Platform:      win32
[debug] [2026-02-07T06:04:50.395Z] Node Version:  v24.12.0
[debug] [2026-02-07T06:04:50.395Z] Time:          Sat Feb 07 2026 11:34:50 GMT+0530 (India Standard Time)
[debug] [2026-02-07T06:04:50.395Z] ----------------------------------------------------------------------
[debug] 
[debug] [2026-02-07T06:04:50.397Z] >>> [apiv2][query] GET https://firebase-public.firebaseio.com/cli.json [none]
[debug] [2026-02-07T06:04:51.721Z] > command requires scopes: ["email","openid","https://www.googleapis.com/auth/cloudplatformprojects.readonly","https://www.googleapis.com/auth/firebase","https://www.googleapis.com/auth/cloud-platform"]
[debug] [2026-02-07T06:04:51.798Z] Error: Could not load the default credentials. Browse to https://cloud.google.com/docs/authentication/getting-started for more information.
    at GoogleAuth.getApplicationDefaultAsync (C:\Users\Aftab Alam\AppData\Local\npm-cache\_npx\7750544ccf494d8b\node_modules\google-auth-library\build\src\auth\googleauth.js:287:15)
    at process.processTicksAndRejections (node:internal/process/task_queues:103:5)
    at async GoogleAuth._GoogleAuth_determineClient (C:\Users\Aftab Alam\AppData\Local\npm-cache\_npx\7750544ccf494d8b\node_modules\google-auth-library\build\src\auth\googleauth.js:834:32)
    at async GoogleAuth.getClient (C:\Users\Aftab Alam\AppData\Local\npm-cache\_npx\7750544ccf494d8b\node_modules\google-auth-library\build\src\auth\googleauth.js:698:20)
    at async GoogleAuth.getAccessToken (C:\Users\Aftab Alam\AppData\Local\npm-cache\_npx\7750544ccf494d8b\node_modules\google-auth-library\build\src\auth\googleauth.js:722:24)
    at async autoAuth (C:\Users\Aftab Alam\AppData\Local\npm-cache\_npx\7750544ccf494d8b\node_modules\firebase-tools\lib\requireAuth.js:28:19)
    at async requireAuth (C:\Users\Aftab Alam\AppData\Local\npm-cache\_npx\7750544ccf494d8b\node_modules\firebase-tools\lib\requireAuth.js:90:20)
    at async requirePermissions (C:\Users\Aftab Alam\AppData\Local\npm-cache\_npx\7750544ccf494d8b\node_modules\firebase-tools\lib\requirePermissions.js:17:5)
    at async C:\Users\Aftab Alam\AppData\Local\npm-cache\_npx\7750544ccf494d8b\node_modules\firebase-tools\lib\command.js:264:17
[error] 
[error] Error: Failed to authenticate, have you run firebase login?
